  stdafx.cpp
  CAboutAuthor.cpp
C:\mysrc\github\mailme\xapanyun\WeChatRobot-master\WeChatRobot\CAboutAuthor.cpp(1,1): warning C4819: The file contains a character that cannot be represented in the current code page (936). Save the file in Unicode format to prevent data loss
  CAddChatRoomMember.cpp
  CAddUser.cpp
  CChatRecords.cpp
  CChatRoomMember.cpp
  CCreateChatRoom.cpp
  CDecryptImage.cpp
  CFollowAccount.cpp
  CFriendInfo.cpp
  CFriendList.cpp
  CFunctions.cpp
  CInformation.cpp
  CInjectTools.cpp
  CInviteGroupMember.cpp
  CMain.cpp
  CModifyVersion.cpp
  CMultiOpen.cpp
  CMyTableCtrl.cpp
  COpenUrl.cpp
  CPay.cpp
  Generating Code...
  Compiling...
  CRoomAnnouncement.cpp
  CSendChatRoomAt.cpp
  CSendMsg.cpp
  CSendXmlAricle.cpp
  CSendXmlCard.cpp
  CSetRemark.cpp
  CSetRoomName.cpp
  WeChatRobot.cpp
  WeChatRobotDlg.cpp
  Generating Code...
  WeChatRobot.vcxproj -> C:\mysrc\github\mailme\xapanyun\WeChatRobot-master\Debug\WeChatRobot.exe
