c:\mysrc\github\mailme\xapanyun\wechatrobot-master\wechatrobot\debug\wechatrobot.pch
c:\mysrc\github\mailme\xapanyun\wechatrobot-master\wechatrobot\debug\vc142.pdb
c:\mysrc\github\mailme\xapanyun\wechatrobot-master\wechatrobot\debug\vc142.idb
c:\mysrc\github\mailme\xapanyun\wechatrobot-master\wechatrobot\debug\stdafx.obj
c:\mysrc\github\mailme\xapanyun\wechatrobot-master\wechatrobot\debug\cpay.obj
c:\mysrc\github\mailme\xapanyun\wechatrobot-master\wechatrobot\debug\copenurl.obj
c:\mysrc\github\mailme\xapanyun\wechatrobot-master\wechatrobot\debug\cmytablectrl.obj
c:\mysrc\github\mailme\xapanyun\wechatrobot-master\wechatrobot\debug\cmultiopen.obj
c:\mysrc\github\mailme\xapanyun\wechatrobot-master\wechatrobot\debug\cmodifyversion.obj
c:\mysrc\github\mailme\xapanyun\wechatrobot-master\wechatrobot\debug\cmain.obj
c:\mysrc\github\mailme\xapanyun\wechatrobot-master\wechatrobot\debug\cinvitegroupmember.obj
c:\mysrc\github\mailme\xapanyun\wechatrobot-master\wechatrobot\debug\cinjecttools.obj
c:\mysrc\github\mailme\xapanyun\wechatrobot-master\wechatrobot\debug\cinformation.obj
c:\mysrc\github\mailme\xapanyun\wechatrobot-master\wechatrobot\debug\cfunctions.obj
c:\mysrc\github\mailme\xapanyun\wechatrobot-master\wechatrobot\debug\cfriendlist.obj
c:\mysrc\github\mailme\xapanyun\wechatrobot-master\wechatrobot\debug\cfriendinfo.obj
c:\mysrc\github\mailme\xapanyun\wechatrobot-master\wechatrobot\debug\cfollowaccount.obj
c:\mysrc\github\mailme\xapanyun\wechatrobot-master\wechatrobot\debug\cdecryptimage.obj
c:\mysrc\github\mailme\xapanyun\wechatrobot-master\wechatrobot\debug\ccreatechatroom.obj
c:\mysrc\github\mailme\xapanyun\wechatrobot-master\wechatrobot\debug\cchatroommember.obj
c:\mysrc\github\mailme\xapanyun\wechatrobot-master\wechatrobot\debug\cchatrecords.obj
c:\mysrc\github\mailme\xapanyun\wechatrobot-master\wechatrobot\debug\cadduser.obj
c:\mysrc\github\mailme\xapanyun\wechatrobot-master\wechatrobot\debug\caddchatroommember.obj
c:\mysrc\github\mailme\xapanyun\wechatrobot-master\wechatrobot\debug\caboutauthor.obj
c:\mysrc\github\mailme\xapanyun\wechatrobot-master\wechatrobot\debug\wechatrobotdlg.obj
c:\mysrc\github\mailme\xapanyun\wechatrobot-master\wechatrobot\debug\wechatrobot.obj
c:\mysrc\github\mailme\xapanyun\wechatrobot-master\wechatrobot\debug\csetroomname.obj
c:\mysrc\github\mailme\xapanyun\wechatrobot-master\wechatrobot\debug\csetremark.obj
c:\mysrc\github\mailme\xapanyun\wechatrobot-master\wechatrobot\debug\csendxmlcard.obj
c:\mysrc\github\mailme\xapanyun\wechatrobot-master\wechatrobot\debug\csendxmlaricle.obj
c:\mysrc\github\mailme\xapanyun\wechatrobot-master\wechatrobot\debug\csendmsg.obj
c:\mysrc\github\mailme\xapanyun\wechatrobot-master\wechatrobot\debug\csendchatroomat.obj
c:\mysrc\github\mailme\xapanyun\wechatrobot-master\wechatrobot\debug\croomannouncement.obj
c:\mysrc\github\mailme\xapanyun\wechatrobot-master\debug\wechatrobot.ilk
c:\mysrc\github\mailme\xapanyun\wechatrobot-master\debug\wechatrobot.exe
c:\mysrc\github\mailme\xapanyun\wechatrobot-master\debug\wechatrobot.pdb
c:\mysrc\github\mailme\xapanyun\wechatrobot-master\wechatrobot\debug\wechatrobot.res
c:\mysrc\github\mailme\xapanyun\wechatrobot-master\wechatrobot\debug\wechatrobot.tlog\cl.command.1.tlog
c:\mysrc\github\mailme\xapanyun\wechatrobot-master\wechatrobot\debug\wechatrobot.tlog\cl.read.1.tlog
c:\mysrc\github\mailme\xapanyun\wechatrobot-master\wechatrobot\debug\wechatrobot.tlog\cl.write.1.tlog
c:\mysrc\github\mailme\xapanyun\wechatrobot-master\wechatrobot\debug\wechatrobot.tlog\link.command.1.tlog
c:\mysrc\github\mailme\xapanyun\wechatrobot-master\wechatrobot\debug\wechatrobot.tlog\link.read.1.tlog
c:\mysrc\github\mailme\xapanyun\wechatrobot-master\wechatrobot\debug\wechatrobot.tlog\link.write.1.tlog
c:\mysrc\github\mailme\xapanyun\wechatrobot-master\wechatrobot\debug\wechatrobot.tlog\rc.command.1.tlog
c:\mysrc\github\mailme\xapanyun\wechatrobot-master\wechatrobot\debug\wechatrobot.tlog\rc.read.1.tlog
c:\mysrc\github\mailme\xapanyun\wechatrobot-master\wechatrobot\debug\wechatrobot.tlog\rc.write.1.tlog
