c:\mysrc\github\mailme\xapanyun\wechatrobot-master\wechatrobot\release\wechatrobot.pch
c:\mysrc\github\mailme\xapanyun\wechatrobot-master\wechatrobot\release\vc142.pdb
c:\mysrc\github\mailme\xapanyun\wechatrobot-master\wechatrobot\release\stdafx.obj
c:\mysrc\github\mailme\xapanyun\wechatrobot-master\wechatrobot\release\cpay.obj
c:\mysrc\github\mailme\xapanyun\wechatrobot-master\wechatrobot\release\copenurl.obj
c:\mysrc\github\mailme\xapanyun\wechatrobot-master\wechatrobot\release\cmytablectrl.obj
c:\mysrc\github\mailme\xapanyun\wechatrobot-master\wechatrobot\release\cmultiopen.obj
c:\mysrc\github\mailme\xapanyun\wechatrobot-master\wechatrobot\release\cmodifyversion.obj
c:\mysrc\github\mailme\xapanyun\wechatrobot-master\wechatrobot\release\cmain.obj
c:\mysrc\github\mailme\xapanyun\wechatrobot-master\wechatrobot\release\cinvitegroupmember.obj
c:\mysrc\github\mailme\xapanyun\wechatrobot-master\wechatrobot\release\cinjecttools.obj
c:\mysrc\github\mailme\xapanyun\wechatrobot-master\wechatrobot\release\cinformation.obj
c:\mysrc\github\mailme\xapanyun\wechatrobot-master\wechatrobot\release\cfunctions.obj
c:\mysrc\github\mailme\xapanyun\wechatrobot-master\wechatrobot\release\cfriendlist.obj
c:\mysrc\github\mailme\xapanyun\wechatrobot-master\wechatrobot\release\cfriendinfo.obj
c:\mysrc\github\mailme\xapanyun\wechatrobot-master\wechatrobot\release\cfollowaccount.obj
c:\mysrc\github\mailme\xapanyun\wechatrobot-master\wechatrobot\release\cdecryptimage.obj
c:\mysrc\github\mailme\xapanyun\wechatrobot-master\wechatrobot\release\ccreatechatroom.obj
c:\mysrc\github\mailme\xapanyun\wechatrobot-master\wechatrobot\release\cchatroommember.obj
c:\mysrc\github\mailme\xapanyun\wechatrobot-master\wechatrobot\release\cchatrecords.obj
c:\mysrc\github\mailme\xapanyun\wechatrobot-master\wechatrobot\release\cadduser.obj
c:\mysrc\github\mailme\xapanyun\wechatrobot-master\wechatrobot\release\caddchatroommember.obj
c:\mysrc\github\mailme\xapanyun\wechatrobot-master\wechatrobot\release\caboutauthor.obj
c:\mysrc\github\mailme\xapanyun\wechatrobot-master\wechatrobot\release\wechatrobotdlg.obj
c:\mysrc\github\mailme\xapanyun\wechatrobot-master\wechatrobot\release\wechatrobot.obj
c:\mysrc\github\mailme\xapanyun\wechatrobot-master\wechatrobot\release\csetroomname.obj
c:\mysrc\github\mailme\xapanyun\wechatrobot-master\wechatrobot\release\csetremark.obj
c:\mysrc\github\mailme\xapanyun\wechatrobot-master\wechatrobot\release\csendxmlcard.obj
c:\mysrc\github\mailme\xapanyun\wechatrobot-master\wechatrobot\release\csendxmlaricle.obj
c:\mysrc\github\mailme\xapanyun\wechatrobot-master\wechatrobot\release\csendmsg.obj
c:\mysrc\github\mailme\xapanyun\wechatrobot-master\wechatrobot\release\csendchatroomat.obj
c:\mysrc\github\mailme\xapanyun\wechatrobot-master\wechatrobot\release\croomannouncement.obj
c:\mysrc\github\mailme\xapanyun\wechatrobot-master\release\wechatrobot.exe
c:\mysrc\github\mailme\xapanyun\wechatrobot-master\release\wechatrobot.pdb
c:\mysrc\github\mailme\xapanyun\wechatrobot-master\wechatrobot\release\wechatrobot.res
c:\mysrc\github\mailme\xapanyun\wechatrobot-master\wechatrobot\release\wechatrobot.tlog\cl.command.1.tlog
c:\mysrc\github\mailme\xapanyun\wechatrobot-master\wechatrobot\release\wechatrobot.tlog\cl.read.1.tlog
c:\mysrc\github\mailme\xapanyun\wechatrobot-master\wechatrobot\release\wechatrobot.tlog\cl.write.1.tlog
c:\mysrc\github\mailme\xapanyun\wechatrobot-master\wechatrobot\release\wechatrobot.tlog\link.command.1.tlog
c:\mysrc\github\mailme\xapanyun\wechatrobot-master\wechatrobot\release\wechatrobot.tlog\link.read.1.tlog
c:\mysrc\github\mailme\xapanyun\wechatrobot-master\wechatrobot\release\wechatrobot.tlog\link.write.1.tlog
c:\mysrc\github\mailme\xapanyun\wechatrobot-master\wechatrobot\release\wechatrobot.tlog\rc.command.1.tlog
c:\mysrc\github\mailme\xapanyun\wechatrobot-master\wechatrobot\release\wechatrobot.tlog\rc.read.1.tlog
c:\mysrc\github\mailme\xapanyun\wechatrobot-master\wechatrobot\release\wechatrobot.tlog\rc.write.1.tlog
